Running: C:\Xilinx\12.2\ISE_DS\ISE\bin\nt\unwrapped\fuse.exe -intstyle ise -incremental -lib unisims_ver -lib unimacro_ver -lib xilinxcorelib_ver -o E:/341lab/lab1/muxvtf_isim_beh.exe -prj E:/341lab/lab1/muxvtf_beh.prj work.muxvtf work.glbl 
ISim M.63c (signature 0xb869381d)
Number of CPUs detected in this system: 2
Turning on mult-threading, number of parallel sub-compilation jobs: 4 
Determining compilation order of HDL files
Analyzing Verilog file \"E:/341lab/lab1/mux.v\" into library work
Analyzing Verilog file \"E:/341lab/lab1/muxvtf.v\" into library work
Analyzing Verilog file \"C:/Xilinx/12.2/ISE_DS/ISE//verilog/src/glbl.v\" into library work
Starting static elaboration
Completed static elaboration
Fuse Memory Usage: 117636 KB
Fuse CPU Usage: 170 ms
Compiling module mux
Compiling module muxvtf
Compiling module glbl
Time Resolution for simulation is 1ps.
Waiting for 1 sub-compilation(s) to finish...
Compiled 3 Verilog Units
Built simulation executable E:/341lab/lab1/muxvtf_isim_beh.exe
Fuse Memory Usage: 122228 KB
Fuse CPU Usage: 280 ms
