Command line:
   muxvtf_isim_beh.exe
     -simmode  gui
     -simrunnum  0
     -socket  50329

Mon Jan 26 09:14:05 2015


 Elaboration Time: 0.03125 sec

 Current Memory Usage: 369.881 Meg

 Total Signals          : 19
 Total Nets             : 20
 Total Signal Drivers   : 11
 Total Blocks           : 3
 Total Primitive Blocks : 2
 Total Processes        : 14
 Total Traceable Variables  : 24
 Total Scalar Nets and Variables : 107
Total Line Count : 36

 Total Simulation Time: 0.078125 sec

 Current Memory Usage: 369.881 Meg

Mon Jan 26 09:14:20 2015

