Running: C:\Xilinx\14.7\ISE_DS\ISE\bin\nt64\unwrapped\fuse.exe -intstyle ise -incremental -lib unisims_ver -lib unimacro_ver -lib xilinxcorelib_ver -o C:/Users/Russell/git/Architecture/PCIMID/PCAndIMTest_isim_beh.exe -prj C:/Users/Russell/git/Architecture/PCIMID/PCAndIMTest_beh.prj work.PCAndIMTest work.glbl 
ISim P.20131013 (signature 0x7708f090)
Number of CPUs detected in this system: 4
Turning on mult-threading, number of parallel sub-compilation jobs: 8 
Determining compilation order of HDL files
Analyzing Verilog file "C:/Users/Russell/git/Architecture/PCIMID/PC.v" into library work
Analyzing Verilog file "C:/Users/Russell/git/Architecture/PCIMID/IM.v" into library work
Analyzing Verilog file "C:/Users/Russell/git/Architecture/PCIMID/PCAndIM.v" into library work
Analyzing Verilog file "C:/Users/Russell/git/Architecture/PCIMID/PCAndIMTest.v" into library work
Analyzing Verilog file "C:/Xilinx/14.7/ISE_DS/ISE//verilog/src/glbl.v" into library work
Starting static elaboration
Completed static elaboration
Compiling module PC
Compiling module IM
Compiling module PCAndIM
Compiling module PCAndIMTest
Compiling module glbl
Time Resolution for simulation is 1ps.
Waiting for 1 sub-compilation(s) to finish...
Compiled 5 Verilog Units
Built simulation executable C:/Users/Russell/git/Architecture/PCIMID/PCAndIMTest_isim_beh.exe
Fuse Memory Usage: 29280 KB
Fuse CPU Usage: 562 ms
