Command line:
   DataMem_isim_beh.exe
     -simmode  gui
     -simrunnum  0
     -socket  59068

Thu Feb 12 19:50:06 2015


 Elaboration Time: 0.0468 sec

 Current Memory Usage: 667.148 Meg

 Total Signals          : 18
 Total Nets             : 114
 Total Signal Drivers   : 6
 Total Blocks           : 2
 Total Primitive Blocks : 2
 Total Processes        : 10
 Total Traceable Variables  : 20
 Total Scalar Nets and Variables : 2274
Total Line Count : 25

 Total Simulation Time: 0.0468 sec

 Current Memory Usage: 667.148 Meg

Thu Feb 12 19:50:12 2015

