Release 14.7 Map P.20131013 (nt)
Xilinx Mapping Report File for Design 'FullDMRFALU'

Design Information
------------------
Command Line   : map -intstyle ise -p xc3s500e-fg320-5 -cm area -ir off -pr off
-c 100 -o FullDMRFALU_map.ncd FullDMRFALU.ngd FullDMRFALU.pcf 
Target Device  : xc3s500e
Target Package : fg320
Target Speed   : -5
Mapper Version : spartan3e -- $Revision: 1.55 $
Mapped Date    : Wed Feb 25 08:38:54 2015
ERROR:Pack:18 - The design is too large for the given device and package. 
   Please check the Design Summary section to see which resource requirement for
   your design exceeds the resources available in the device.

   NOTE: An NCD file will still be generated to allow you to examine the mapped
   design.  This file is intended for evaluation use only, and will not process
   successfully through PAR.

   This mapped NCD file can be used to evaluate how the design's logic has been
   mapped into FPGA logic resources.  It can also be used to analyze
   preliminary, logic-level (pre-route) timing with one of the Xilinx static
   timing analysis tools (TRCE or Timing Analyzer).

Design Summary
--------------
Number of errors:      2
Number of warnings:    1
Logic Utilization:
  Total Number Slice Registers:       2,115 out of   9,312   22%
    Number used as Flip Flops:        2,080
    Number used as Latches:              35
  Number of 4 input LUTs:            10,383 out of   9,312  111% (OVERMAPPED)
Logic Distribution:
  Number of occupied Slices:          5,990 out of   4,656  128% (OVERMAPPED)
    Number of Slices containing only related logic:   5,990 out of   5,990 100%
    Number of Slices containing unrelated logic:          0 out of   5,990   0%
      *See NOTES below for an explanation of the effects of unrelated logic.
  Total Number of 4 input LUTs:      10,383 out of   9,312  111% (OVERMAPPED)
    Number used as logic:            10,127
    Number used for Dual Port RAMs:     256
      (Two LUTs used per Dual Port RAM)

  The Slice Logic Distribution report is not meaningful if the design is
  over-mapped for a non-slice resource or if Placement fails.

  Number of bonded IOBs:                 76 out of     232   32%
    IOB Latches:                         32
  Number of BUFGMUXs:                     2 out of      24    8%

Average Fanout of Non-Clock Nets:                4.55

Peak Memory Usage:  251 MB
Total REAL time to MAP completion:  9 secs 
Total CPU time to MAP completion:   8 secs 

NOTES:

   Related logic is defined as being logic that shares connectivity - e.g. two
   LUTs are "related" if they share common inputs.  When assembling slices,
   Map gives priority to combine logic that is related.  Doing so results in
   the best timing performance.

   Unrelated logic shares no connectivity.  Map will only begin packing
   unrelated logic into a slice once 99% of the slices are occupied through
   related logic packing.

   Note that once logic distribution reaches the 99% level through related
   logic packing, this does not mean the device is completely utilized.
   Unrelated logic packing will then begin, continuing until all usable LUTs
   and FFs are occupied.  Depending on your timing budget, increased levels of
   unrelated logic packing may adversely affect the overall timing performance
   of your design.

Table of Contents
-----------------
Section 1 - Errors
Section 2 - Warnings
Section 3 - Informational
Section 4 - Removed Logic Summary
Section 5 - Removed Logic
Section 6 - IOB Properties
Section 7 - RPMs
Section 8 - Guide Report
Section 9 - Area Group and Partition Summary
Section 10 - Timing Report
Section 11 - Configuration String Information
Section 12 - Control Set Information
Section 13 - Utilization by Hierarchy

Section 1 - Errors
------------------
ERROR:Pack:2310 - Too many comps of type "SLICEL" found to fit this device.
ERROR:Pack:18 - The design is too large for the given device and package. 
   Please check the Design Summary section to see which resource requirement for
   your design exceeds the resources available in the device.

   NOTE: An NCD file will still be generated to allow you to examine the mapped
   design.  This file is intended for evaluation use only, and will not process
   successfully through PAR.

   This mapped NCD file can be used to evaluate how the design's logic has been
   mapped into FPGA logic resources.  It can also be used to analyze
   preliminary, logic-level (pre-route) timing with one of the Xilinx static
   timing analysis tools (TRCE or Timing Analyzer).

Section 2 - Warnings
--------------------
WARNING:PhysDesignRules:372 - Gated clock. Clock net ALUControl/ALUctl_not0001
   is sourced by a combinatorial pin. This is not good design practice. Use the
   CE pin to control the loading of data into the flip-flop.

Section 3 - Informational
-------------------------
INFO:LIT:243 - Logical network ALUOp<1> has no load.
INFO:LIT:395 - The above info message is repeated 131 more times for the
   following (max. 5 shown):
   ALUOp<0>,
   FuncCode<5>,
   FuncCode<4>,
   RegisterFile/Mram_RF_ren3/SPO,
   RegisterFile/Mram_RF_ren1/SPO
   To see the details of these info messages, please use the -detail switch.
INFO:MapLib:562 - No environment variables are currently set.
INFO:LIT:244 - All of the single ended outputs in this design are using slew
   rate limited output drivers. The delay on speed critical single ended outputs
   can be dramatically reduced by designating them as fast outputs.

Section 4 - Removed Logic Summary
---------------------------------
   2 block(s) optimized away

Section 5 - Removed Logic
-------------------------

Optimized Block(s):
TYPE 		BLOCK
GND 		XST_GND
VCC 		XST_VCC

To enable printing of redundant blocks removed and signals merged, set the
detailed map report option and rerun map.

Section 6 - IOB Properties
--------------------------

+---------------------------------------------------------------------------------------------------------------------------------------------------------+
| IOB Name                           | Type             | Direction | IO Standard          | Diff  | Drive    | Slew | Reg (s)      | Resistor | IOB      |
|                                    |                  |           |                      | Term  | Strength | Rate |              |          | Delay    |
+---------------------------------------------------------------------------------------------------------------------------------------------------------+
| ALUOut<0>                          | IOB              | OUTPUT    | LVCMOS25             |       | 12       | SLOW | OFF1         |          | 0 / 0    |
| ALUOut<1>                          | IOB              | OUTPUT    | LVCMOS25             |       | 12       | SLOW | OFF1         |          | 0 / 0    |
| ALUOut<2>                          | IOB              | OUTPUT    | LVCMOS25             |       | 12       | SLOW | OFF1         |          | 0 / 0    |
| ALUOut<3>                          | IOB              | OUTPUT    | LVCMOS25             |       | 12       | SLOW | OFF1         |          | 0 / 0    |
| ALUOut<4>                          | IOB              | OUTPUT    | LVCMOS25             |       | 12       | SLOW | OFF1         |          | 0 / 0    |
| ALUOut<5>                          | IOB              | OUTPUT    | LVCMOS25             |       | 12       | SLOW | OFF1         |          | 0 / 0    |
| ALUOut<6>                          | IOB              | OUTPUT    | LVCMOS25             |       | 12       | SLOW | OFF1         |          | 0 / 0    |
| ALUOut<7>                          | IOB              | OUTPUT    | LVCMOS25             |       | 12       | SLOW | OFF1         |          | 0 / 0    |
| ALUOut<8>                          | IOB              | OUTPUT    | LVCMOS25             |       | 12       | SLOW | OFF1         |          | 0 / 0    |
| ALUOut<9>                          | IOB              | OUTPUT    | LVCMOS25             |       | 12       | SLOW | OFF1         |          | 0 / 0    |
| ALUOut<10>                         | IOB              | OUTPUT    | LVCMOS25             |       | 12       | SLOW | OFF1         |          | 0 / 0    |
| ALUOut<11>                         | IOB              | OUTPUT    | LVCMOS25             |       | 12       | SLOW | OFF1         |          | 0 / 0    |
| ALUOut<12>                         | IOB              | OUTPUT    | LVCMOS25             |       | 12       | SLOW | OFF1         |          | 0 / 0    |
| ALUOut<13>                         | IOB              | OUTPUT    | LVCMOS25             |       | 12       | SLOW | OFF1         |          | 0 / 0    |
| ALUOut<14>                         | IOB              | OUTPUT    | LVCMOS25             |       | 12       | SLOW | OFF1         |          | 0 / 0    |
| ALUOut<15>                         | IOB              | OUTPUT    | LVCMOS25             |       | 12       | SLOW | OFF1         |          | 0 / 0    |
| ALUOut<16>                         | IOB              | OUTPUT    | LVCMOS25             |       | 12       | SLOW | OFF1         |          | 0 / 0    |
| ALUOut<17>                         | IOB              | OUTPUT    | LVCMOS25             |       | 12       | SLOW | OFF1         |          | 0 / 0    |
| ALUOut<18>                         | IOB              | OUTPUT    | LVCMOS25             |       | 12       | SLOW | OFF1         |          | 0 / 0    |
| ALUOut<19>                         | IOB              | OUTPUT    | LVCMOS25             |       | 12       | SLOW | OFF1         |          | 0 / 0    |
| ALUOut<20>                         | IOB              | OUTPUT    | LVCMOS25             |       | 12       | SLOW | OFF1         |          | 0 / 0    |
| ALUOut<21>                         | IOB              | OUTPUT    | LVCMOS25             |       | 12       | SLOW | OFF1         |          | 0 / 0    |
| ALUOut<22>                         | IOB              | OUTPUT    | LVCMOS25             |       | 12       | SLOW | OFF1         |          | 0 / 0    |
| ALUOut<23>                         | IOB              | OUTPUT    | LVCMOS25             |       | 12       | SLOW | OFF1         |          | 0 / 0    |
| ALUOut<24>                         | IOB              | OUTPUT    | LVCMOS25             |       | 12       | SLOW | OFF1         |          | 0 / 0    |
| ALUOut<25>                         | IOB              | OUTPUT    | LVCMOS25             |       | 12       | SLOW | OFF1         |          | 0 / 0    |
| ALUOut<26>                         | IOB              | OUTPUT    | LVCMOS25             |       | 12       | SLOW | OFF1         |          | 0 / 0    |
| ALUOut<27>                         | IOB              | OUTPUT    | LVCMOS25             |       | 12       | SLOW | OFF1         |          | 0 / 0    |
| ALUOut<28>                         | IOB              | OUTPUT    | LVCMOS25             |       | 12       | SLOW | OFF1         |          | 0 / 0    |
| ALUOut<29>                         | IOB              | OUTPUT    | LVCMOS25             |       | 12       | SLOW | OFF1         |          | 0 / 0    |
| ALUOut<30>                         | IOB              | OUTPUT    | LVCMOS25             |       | 12       | SLOW | OFF1         |          | 0 / 0    |
| ALUOut<31>                         | IOB              | OUTPUT    | LVCMOS25             |       | 12       | SLOW | OFF1         |          | 0 / 0    |
| ALUsel                             | IBUF             | INPUT     | LVCMOS25             |       |          |      |              |          | 0 / 0    |
| FuncCode<0>                        | IBUF             | INPUT     | LVCMOS25             |       |          |      |              |          | 0 / 0    |
| FuncCode<1>                        | IBUF             | INPUT     | LVCMOS25             |       |          |      |              |          | 0 / 0    |
| FuncCode<2>                        | IBUF             | INPUT     | LVCMOS25             |       |          |      |              |          | 0 / 0    |
| FuncCode<3>                        | IBUF             | INPUT     | LVCMOS25             |       |          |      |              |          | 0 / 0    |
| MemRead                            | IBUF             | INPUT     | LVCMOS25             |       |          |      |              |          | 0 / 0    |
| MemToRegSel                        | IBUF             | INPUT     | LVCMOS25             |       |          |      |              |          | 0 / 0    |
| MemWrite<0>                        | IBUF             | INPUT     | LVCMOS25             |       |          |      |              |          | 0 / 0    |
| MemWrite<1>                        | IBUF             | INPUT     | LVCMOS25             |       |          |      |              |          | 0 / 0    |
| RegWrite                           | IBUF             | INPUT     | LVCMOS25             |       |          |      |              |          | 0 / 0    |
| Regsel                             | IBUF             | INPUT     | LVCMOS25             |       |          |      |              |          | 0 / 0    |
| SEin<0>                            | IBUF             | INPUT     | LVCMOS25             |       |          |      |              |          | 0 / 0    |
| SEin<1>                            | IBUF             | INPUT     | LVCMOS25             |       |          |      |              |          | 0 / 0    |
| SEin<2>                            | IBUF             | INPUT     | LVCMOS25             |       |          |      |              |          | 0 / 0    |
| SEin<3>                            | IBUF             | INPUT     | LVCMOS25             |       |          |      |              |          | 0 / 0    |
| SEin<4>                            | IBUF             | INPUT     | LVCMOS25             |       |          |      |              |          | 0 / 0    |
| SEin<5>                            | IBUF             | INPUT     | LVCMOS25             |       |          |      |              |          | 0 / 0    |
| SEin<6>                            | IBUF             | INPUT     | LVCMOS25             |       |          |      |              |          | 0 / 0    |
| SEin<7>                            | IBUF             | INPUT     | LVCMOS25             |       |          |      |              |          | 0 / 0    |
| SEin<8>                            | IBUF             | INPUT     | LVCMOS25             |       |          |      |              |          | 0 / 0    |
| SEin<9>                            | IBUF             | INPUT     | LVCMOS25             |       |          |      |              |          | 0 / 0    |
| SEin<10>                           | IBUF             | INPUT     | LVCMOS25             |       |          |      |              |          | 0 / 0    |
| SEin<11>                           | IBUF             | INPUT     | LVCMOS25             |       |          |      |              |          | 0 / 0    |
| SEin<12>                           | IBUF             | INPUT     | LVCMOS25             |       |          |      |              |          | 0 / 0    |
| SEin<13>                           | IBUF             | INPUT     | LVCMOS25             |       |          |      |              |          | 0 / 0    |
| SEin<14>                           | IBUF             | INPUT     | LVCMOS25             |       |          |      |              |          | 0 / 0    |
| SEin<15>                           | IBUF             | INPUT     | LVCMOS25             |       |          |      |              |          | 0 / 0    |
| Zero                               | IOB              | OUTPUT    | LVCMOS25             |       | 12       | SLOW |              |          | 0 / 0    |
| clk                                | IBUF             | INPUT     | LVCMOS25             |       |          |      |              |          | 0 / 0    |
| rd<0>                              | IBUF             | INPUT     | LVCMOS25             |       |          |      |              |          | 0 / 0    |
| rd<1>                              | IBUF             | INPUT     | LVCMOS25             |       |          |      |              |          | 0 / 0    |
| rd<2>                              | IBUF             | INPUT     | LVCMOS25             |       |          |      |              |          | 0 / 0    |
| rd<3>                              | IBUF             | INPUT     | LVCMOS25             |       |          |      |              |          | 0 / 0    |
| rd<4>                              | IBUF             | INPUT     | LVCMOS25             |       |          |      |              |          | 0 / 0    |
| rs<0>                              | IBUF             | INPUT     | LVCMOS25             |       |          |      |              |          | 0 / 0    |
| rs<1>                              | IBUF             | INPUT     | LVCMOS25             |       |          |      |              |          | 0 / 0    |
| rs<2>                              | IBUF             | INPUT     | LVCMOS25             |       |          |      |              |          | 0 / 0    |
| rs<3>                              | IBUF             | INPUT     | LVCMOS25             |       |          |      |              |          | 0 / 0    |
| rs<4>                              | IBUF             | INPUT     | LVCMOS25             |       |          |      |              |          | 0 / 0    |
| rt<0>                              | IBUF             | INPUT     | LVCMOS25             |       |          |      |              |          | 0 / 0    |
| rt<1>                              | IBUF             | INPUT     | LVCMOS25             |       |          |      |              |          | 0 / 0    |
| rt<2>                              | IBUF             | INPUT     | LVCMOS25             |       |          |      |              |          | 0 / 0    |
| rt<3>                              | IBUF             | INPUT     | LVCMOS25             |       |          |      |              |          | 0 / 0    |
| rt<4>                              | IBUF             | INPUT     | LVCMOS25             |       |          |      |              |          | 0 / 0    |
+---------------------------------------------------------------------------------------------------------------------------------------------------------+

Section 7 - RPMs
----------------

Section 8 - Guide Report
------------------------
Guide not run on this design.

Section 9 - Area Group and Partition Summary
--------------------------------------------

Partition Implementation Status
-------------------------------

  No Partitions were found in this design.

-------------------------------

Area Group Information
----------------------

  No area groups were found in this design.

----------------------

Section 10 - Timing Report
--------------------------
This design was not run using timing mode.

Section 11 - Configuration String Details
-----------------------------------------
Use the "-detail" map option to print out Configuration Strings

Section 12 - Control Set Information
------------------------------------
No control set information for this architecture.

Section 13 - Utilization by Hierarchy
-------------------------------------
Use the "-detail" map option to print out the Utilization by Hierarchy section.
