Release 14.7 - xst P.20131013 (nt)
Copyright (c) 1995-2013 Xilinx, Inc.  All rights reserved.
--> Parameter TMPDIR set to xst/projnav.tmp


Total REAL time to Xst completion: 0.00 secs
Total CPU time to Xst completion: 0.14 secs
 
--> Parameter xsthdpdir set to xst


Total REAL time to Xst completion: 0.00 secs
Total CPU time to Xst completion: 0.14 secs
 
--> Reading design: FullDMRFALU.prj

TABLE OF CONTENTS
  1) Synthesis Options Summary
  2) HDL Compilation
  3) Design Hierarchy Analysis
  4) HDL Analysis
  5) HDL Synthesis
     5.1) HDL Synthesis Report
  6) Advanced HDL Synthesis
     6.1) Advanced HDL Synthesis Report
  7) Low Level Synthesis
  8) Partition Report
  9) Final Report
	9.1) Device utilization summary
	9.2) Partition Resource Summary
	9.3) TIMING REPORT


=========================================================================
*                      Synthesis Options Summary                        *
=========================================================================
---- Source Parameters
Input File Name                    : "FullDMRFALU.prj"
Input Format                       : mixed
Ignore Synthesis Constraint File   : NO

---- Target Parameters
Output File Name                   : "FullDMRFALU"
Output Format                      : NGC
Target Device                      : xc3s500e-5-fg320

---- Source Options
Top Module Name                    : FullDMRFALU
Automatic FSM Extraction           : YES
FSM Encoding Algorithm             : Auto
Safe Implementation                : No
FSM Style                          : LUT
RAM Extraction                     : Yes
RAM Style                          : Auto
ROM Extraction                     : Yes
Mux Style                          : Auto
Decoder Extraction                 : YES
Priority Encoder Extraction        : Yes
Shift Register Extraction          : YES
Logical Shifter Extraction         : YES
XOR Collapsing                     : YES
ROM Style                          : Auto
Mux Extraction                     : Yes
Resource Sharing                   : YES
Asynchronous To Synchronous        : NO
Multiplier Style                   : Auto
Automatic Register Balancing       : No

---- Target Options
Add IO Buffers                     : YES
Global Maximum Fanout              : 100000
Add Generic Clock Buffer(BUFG)     : 24
Register Duplication               : YES
Slice Packing                      : YES
Optimize Instantiated Primitives   : NO
Use Clock Enable                   : Yes
Use Synchronous Set                : Yes
Use Synchronous Reset              : Yes
Pack IO Registers into IOBs        : Auto
Equivalent register Removal        : YES

---- General Options
Optimization Goal                  : Speed
Optimization Effort                : 1
Keep Hierarchy                     : No
Netlist Hierarchy                  : As_Optimized
RTL Output                         : Yes
Global Optimization                : AllClockNets
Read Cores                         : YES
Write Timing Constraints           : NO
Cross Clock Analysis               : NO
Hierarchy Separator                : /
Bus Delimiter                      : <>
Case Specifier                     : Maintain
Slice Utilization Ratio            : 100
BRAM Utilization Ratio             : 100
Verilog 2001                       : YES
Auto BRAM Packing                  : NO
Slice Utilization Ratio Delta      : 5

=========================================================================


=========================================================================
*                          HDL Compilation                              *
=========================================================================
Compiling verilog file "../RF/RegisterFile.v" in library work
Compiling verilog file "TwoOneMux5.v" in library work
Module <RegisterFile> compiled
Compiling verilog file "TwoOneMux321.v" in library work
Module <TwoOneMux5> compiled
Compiling verilog file "TwoOneMux32.v" in library work
Module <TwoOneMux32> compiled
Compiling verilog file "SignExtender.v" in library work
Module <TwoOneMux321> compiled
Compiling verilog file "DataMem.v" in library work
Module <SignExtender> compiled
Compiling verilog file "../ALUWithControl/ALUWithControl.v" in library work
Module <DataMem> compiled
Compiling verilog file "../ALUControl/ALUControl.v" in library work
Module <ALUWithControl> compiled
Compiling verilog file "FullDMRFALU.v" in library work
Module <ALUControl> compiled
Module <FullDMRFALU> compiled
No errors in compilation
Analysis of file <"FullDMRFALU.prj"> succeeded.
 

=========================================================================
*                     Design Hierarchy Analysis                         *
=========================================================================
Analyzing hierarchy for module <FullDMRFALU> in library <work>.

Analyzing hierarchy for module <TwoOneMux5> in library <work>.

Analyzing hierarchy for module <RegisterFile> in library <work>.

Analyzing hierarchy for module <TwoOneMux32> in library <work>.

Analyzing hierarchy for module <SignExtender> in library <work>.

Analyzing hierarchy for module <ALUControl> in library <work>.

Analyzing hierarchy for module <ALUWithControl> in library <work>.

Analyzing hierarchy for module <DataMem> in library <work>.

Analyzing hierarchy for module <TwoOneMux321> in library <work>.


=========================================================================
*                            HDL Analysis                               *
=========================================================================
Analyzing top module <FullDMRFALU>.
Module <FullDMRFALU> is correct for synthesis.
 
Analyzing module <TwoOneMux5> in library <work>.
Module <TwoOneMux5> is correct for synthesis.
 
Analyzing module <RegisterFile> in library <work>.
Module <RegisterFile> is correct for synthesis.
 
Analyzing module <TwoOneMux32> in library <work>.
Module <TwoOneMux32> is correct for synthesis.
 
Analyzing module <SignExtender> in library <work>.
Module <SignExtender> is correct for synthesis.
 
Analyzing module <ALUControl> in library <work>.
Module <ALUControl> is correct for synthesis.
 
Analyzing module <ALUWithControl> in library <work>.
WARNING:Xst:905 - "../ALUWithControl/ALUWithControl.v" line 29: One or more signals are missing in the sensitivity list of always block. To enable synthesis of FPGA/CPLD hardware, XST will assume that all necessary signals are present in the sensitivity list. Please note that the result of the synthesis may differ from the initial design specification. The missing signals are:
   <ALUOut>
Module <ALUWithControl> is correct for synthesis.
 
Analyzing module <DataMem> in library <work>.
WARNING:Xst:2319 - "DataMem.v" line 33: Signal DM in initial block is partially initialized. The initialization will be ignored.
INFO:Xst:1433 - Contents of array <DM> may be accessed with an index that exceeds the array size. This could cause simulation mismatch.
INFO:Xst:1433 - Contents of array <DM> may be accessed with an index that exceeds the array size. This could cause simulation mismatch.
INFO:Xst:1433 - Contents of array <DM> may be accessed with an index that exceeds the array size. This could cause simulation mismatch.
Module <DataMem> is correct for synthesis.
 
Analyzing module <TwoOneMux321> in library <work>.
Module <TwoOneMux321> is correct for synthesis.
 

=========================================================================
*                           HDL Synthesis                               *
=========================================================================

Performing bidirectional port resolution...

Synthesizing Unit <TwoOneMux5>.
    Related source file is "TwoOneMux5.v".
Unit <TwoOneMux5> synthesized.


Synthesizing Unit <RegisterFile>.
    Related source file is "../RF/RegisterFile.v".
    Found 32x32-bit dual-port RAM <Mram_RF> for signal <RF>.
    Found 32x32-bit dual-port RAM <Mram_RF_ren> for signal <RF>.
    Summary:
	inferred   2 RAM(s).
Unit <RegisterFile> synthesized.


Synthesizing Unit <TwoOneMux32>.
    Related source file is "TwoOneMux321.v".
Unit <TwoOneMux32> synthesized.


Synthesizing Unit <SignExtender>.
    Related source file is "SignExtender.v".
Unit <SignExtender> synthesized.


Synthesizing Unit <ALUControl>.
    Related source file is "../ALUControl/ALUControl.v".
WARNING:Xst:647 - Input <ALUOp> is never used. This port will be preserved and left unconnected if it belongs to a top-level block or it belongs to a sub-block and the hierarchy of this sub-block is preserved.
WARNING:Xst:737 - Found 4-bit latch for signal <ALUctl>. Latches may be generated from incomplete case or if statements. We do not recommend the use of latches in FPGA/CPLD designs, as they may lead to timing problems.
INFO:Xst:2371 - HDL ADVISOR - Logic functions respectively driving the data and gate enable inputs of this latch share common terms. This situation will potentially lead to setup/hold violations and, as a result, to simulation problems. This situation may come from an incomplete case statement (all selector values are not covered). You should carefully review if it was in your intentions to describe such a latch.
Unit <ALUControl> synthesized.


Synthesizing Unit <ALUWithControl>.
    Related source file is "../ALUWithControl/ALUWithControl.v".
WARNING:Xst:737 - Found 32-bit latch for signal <$old_ALUOut_1>. Latches may be generated from incomplete case or if statements. We do not recommend the use of latches in FPGA/CPLD designs, as they may lead to timing problems.
INFO:Xst:2371 - HDL ADVISOR - Logic functions respectively driving the data and gate enable inputs of this latch share common terms. This situation will potentially lead to setup/hold violations and, as a result, to simulation problems. This situation may come from an incomplete case statement (all selector values are not covered). You should carefully review if it was in your intentions to describe such a latch.
    Found 32-bit addsub for signal <old_ALUOut_1$addsub0000>.
    Found 32-bit comparator less for signal <old_ALUOut_1$cmp_lt0000> created at line 35.
    Summary:
	inferred   1 Adder/Subtractor(s).
	inferred   1 Comparator(s).
Unit <ALUWithControl> synthesized.


Synthesizing Unit <DataMem>.
    Related source file is "DataMem.v".
WARNING:Xst:647 - Input <Address<31:8>> is never used. This port will be preserved and left unconnected if it belongs to a top-level block or it belongs to a sub-block and the hierarchy of this sub-block is preserved.
    Found 32-bit register for signal <ReadData>.
    Found 8-bit 256-to-1 multiplexer for signal <$varindex0000> created at line 65.
    Found 8-bit 256-to-1 multiplexer for signal <$varindex0001> created at line 66.
    Found 8-bit 256-to-1 multiplexer for signal <$varindex0002> created at line 67.
    Found 8-bit 256-to-1 multiplexer for signal <$varindex0003> created at line 68.
    Found 8-bit adder carry out for signal <COND_4$addsub0000>.
    Found 8-bit adder carry out for signal <COND_6$addsub0000>.
    Found 8-bit adder carry out for signal <COND_8$addsub0000>.
    Found 2048-bit register for signal <DM>.
INFO:Xst:738 - HDL ADVISOR - 2048 flip-flops were inferred for signal <DM>. You may be trying to describe a RAM in a way that is incompatible with block and distributed RAM resources available on Xilinx devices, or with a specific template that is not supported. Please review the Xilinx resources documentation and the XST user manual for coding guidelines. Taking advantage of RAM resources will lead to improved device usage and reduced synthesis time.
    Summary:
	inferred 2080 D-type flip-flop(s).
	inferred   3 Adder/Subtractor(s).
	inferred  32 Multiplexer(s).
Unit <DataMem> synthesized.


Synthesizing Unit <TwoOneMux321>.
    Related source file is "TwoOneMux32.v".
Unit <TwoOneMux321> synthesized.


Synthesizing Unit <FullDMRFALU>.
    Related source file is "FullDMRFALU.v".
Unit <FullDMRFALU> synthesized.

INFO:Xst:1767 - HDL ADVISOR - Resource sharing has identified that some arithmetic operations in this design can share the same physical resources for reduced device utilization. For improved clock frequency you may try to disable resource sharing.

=========================================================================
HDL Synthesis Report

Macro Statistics
# RAMs                                                 : 2
 32x32-bit dual-port RAM                               : 2
# Adders/Subtractors                                   : 4
 32-bit addsub                                         : 1
 8-bit adder carry out                                 : 3
# Registers                                            : 288
 1-bit register                                        : 32
 8-bit register                                        : 256
# Latches                                              : 2
 32-bit latch                                          : 1
 4-bit latch                                           : 1
# Comparators                                          : 1
 32-bit comparator less                                : 1
# Multiplexers                                         : 4
 8-bit 256-to-1 multiplexer                            : 4

=========================================================================

=========================================================================
*                       Advanced HDL Synthesis                          *
=========================================================================

WARNING:Xst:1710 - FF/Latch <0> (without init value) has a constant value of 0 in block <3>. This FF/Latch will be trimmed during the optimization process.

Synthesizing (advanced) Unit <RegisterFile>.
INFO:Xst:3218 - HDL ADVISOR - The RAM <Mram_RF> will be implemented on LUTs either because you have described an asynchronous read or because of currently unsupported block RAM features. If you have described an asynchronous read, making it synchronous would allow you to take advantage of available block RAM resources, for optimized device usage and improved timings. Please refer to your documentation for coding guidelines.
    -----------------------------------------------------------------------
    | ram_type           | Distributed                         |          |
    -----------------------------------------------------------------------
    | Port A                                                              |
    |     aspect ratio   | 32-word x 32-bit                    |          |
    |     clkA           | connected to signal <clk>           | rise     |
    |     weA            | connected to signal <RegWrite>      | high     |
    |     addrA          | connected to signal <WriteReg>      |          |
    |     diA            | connected to signal <WriteData>     |          |
    -----------------------------------------------------------------------
    | Port B                                                              |
    |     aspect ratio   | 32-word x 32-bit                    |          |
    |     addrB          | connected to signal <Read1>         |          |
    |     doB            | connected to signal <Data1>         |          |
    -----------------------------------------------------------------------
INFO:Xst:3218 - HDL ADVISOR - The RAM <Mram_RF_ren> will be implemented on LUTs either because you have described an asynchronous read or because of currently unsupported block RAM features. If you have described an asynchronous read, making it synchronous would allow you to take advantage of available block RAM resources, for optimized device usage and improved timings. Please refer to your documentation for coding guidelines.
    -----------------------------------------------------------------------
    | ram_type           | Distributed                         |          |
    -----------------------------------------------------------------------
    | Port A                                                              |
    |     aspect ratio   | 32-word x 32-bit                    |          |
    |     clkA           | connected to signal <clk>           | rise     |
    |     weA            | connected to signal <RegWrite>      | high     |
    |     addrA          | connected to signal <WriteReg>      |          |
    |     diA            | connected to signal <WriteData>     |          |
    -----------------------------------------------------------------------
    | Port B                                                              |
    |     aspect ratio   | 32-word x 32-bit                    |          |
    |     addrB          | connected to signal <Read2>         |          |
    |     doB            | connected to signal <Data2>         |          |
    -----------------------------------------------------------------------
Unit <RegisterFile> synthesized (advanced).

=========================================================================
Advanced HDL Synthesis Report

Macro Statistics
# RAMs                                                 : 2
 32x32-bit dual-port distributed RAM                   : 2
# Adders/Subtractors                                   : 4
 32-bit addsub                                         : 1
 8-bit adder carry out                                 : 3
# Registers                                            : 2080
 Flip-Flops                                            : 2080
# Latches                                              : 2
 32-bit latch                                          : 1
 4-bit latch                                           : 1
# Comparators                                          : 1
 32-bit comparator less                                : 1
# Multiplexers                                         : 4
 8-bit 256-to-1 multiplexer                            : 4

=========================================================================

=========================================================================
*                         Low Level Synthesis                           *
=========================================================================
WARNING:Xst:1710 - FF/Latch <ALUctl_3> (without init value) has a constant value of 0 in block <ALUControl>. This FF/Latch will be trimmed during the optimization process.

Optimizing unit <FullDMRFALU> ...

Optimizing unit <DataMem> ...

Optimizing unit <ALUControl> ...

Optimizing unit <ALUWithControl> ...

Mapping all equations...
Building and optimizing final netlist ...
Found area constraint ratio of 100 (+ 5) on block FullDMRFALU, actual ratio is 116.
Optimizing block <FullDMRFALU> to meet ratio 100 (+ 5) of 4656 slices :
WARNING:Xst:2254 - Area constraint could not be met for block <FullDMRFALU>, final ratio is 116.

Final Macro Processing ...

=========================================================================
Final Register Report

Macro Statistics
# Registers                                            : 2080
 Flip-Flops                                            : 2080

=========================================================================

=========================================================================
*                           Partition Report                            *
=========================================================================

Partition Implementation Status
-------------------------------

  No Partitions were found in this design.

-------------------------------

=========================================================================
*                            Final Report                               *
=========================================================================
Final Results
RTL Top Level Output File Name     : FullDMRFALU.ngr
Top Level Output File Name         : FullDMRFALU
Output Format                      : NGC
Optimization Goal                  : Speed
Keep Hierarchy                     : No

Design Statistics
# IOs                              : 45

Cell Usage :
# BELS                             : 14286
#      GND                         : 1
#      INV                         : 13
#      LUT2                        : 339
#      LUT3                        : 4503
#      LUT3_D                      : 8
#      LUT3_L                      : 8
#      LUT4                        : 5118
#      LUT4_D                      : 72
#      LUT4_L                      : 70
#      MUXCY                       : 71
#      MUXF5                       : 2226
#      MUXF6                       : 1056
#      MUXF7                       : 512
#      MUXF8                       : 256
#      VCC                         : 1
#      XORCY                       : 32
# FlipFlops/Latches                : 2115
#      FD                          : 40
#      FDE                         : 24
#      FDS                         : 2016
#      LD                          : 35
# RAMS                             : 128
#      RAM16X1D                    : 128
# Clock Buffers                    : 2
#      BUFG                        : 1
#      BUFGP                       : 1
# IO Buffers                       : 42
#      IBUF                        : 41
#      OBUF                        : 1
=========================================================================

Device utilization summary:
---------------------------

Selected Device : 3s500efg320-5 

 Number of Slices:                     5525  out of   4656   118% (*) 
 Number of Slice Flip Flops:           2115  out of   9312    22%  
 Number of 4 input LUTs:              10387  out of   9312   111% (*) 
    Number used as logic:             10131
    Number used as RAMs:                256
 Number of IOs:                          45
 Number of bonded IOBs:                  43  out of    232    18%  
 Number of GCLKs:                         2  out of     24     8%  

WARNING:Xst:1336 -  (*) More than 100% of Device resources are used

---------------------------
Partition Resource Summary:
---------------------------

  No Partitions were found in this design.

---------------------------


=========================================================================
TIMING REPORT

NOTE: THESE TIMING NUMBERS ARE ONLY A SYNTHESIS ESTIMATE.
      FOR ACCURATE TIMING INFORMATION PLEASE REFER TO THE TRACE REPORT
      GENERATED AFTER PLACE-and-ROUTE.

Clock Information:
------------------
----------------------------------------------------------------------------+-----------------------------------------+-------+
Clock Signal                                                                | Clock buffer(FF name)                   | Load  |
----------------------------------------------------------------------------+-----------------------------------------+-------+
clk                                                                         | BUFGP                                   | 2208  |
ALUControl/ALUctl_not0001(ALUControl/ALUctl_not00012:O)                     | NONE(*)(ALUControl/ALUctl_2)            | 3     |
ALUWithControl/old_ALUOut_1_not00021(ALUWithControl/old_ALUOut_1_not00021:O)| BUFG(*)(ALUWithControl/_old_ALUOut_1_31)| 32    |
----------------------------------------------------------------------------+-----------------------------------------+-------+
(*) These 2 clock signal(s) are generated by combinatorial logic,
and XST is not able to identify which are the primary clock signals.
Please use the CLOCK_SIGNAL constraint to specify the clock signal(s) generated by combinatorial logic.
INFO:Xst:2169 - HDL ADVISOR - Some clock signals were not automatically buffered by XST with BUFG/BUFR resources. Please use the buffer_type constraint in order to insert these buffers to the clock signals to help prevent skew problems.

Asynchronous Control Signals Information:
----------------------------------------
No asynchronous control signals found in this design

Timing Summary:
---------------
Speed Grade: -5

   Minimum period: 7.785ns (Maximum Frequency: 128.455MHz)
   Minimum input arrival time before clock: 11.579ns
   Maximum output required time after clock: 7.025ns
   Maximum combinational path delay: No path found

Timing Detail:
--------------
All values displayed in nanoseconds (ns)

=========================================================================
Timing constraint: Default period analysis for Clock 'clk'
  Clock period: 7.785ns (frequency: 128.455MHz)
  Total number of paths / destination ports: 26904 / 4224
-------------------------------------------------------------------------
Delay:               7.785ns (Levels of Logic = 4)
  Source:            RegisterFile/Mram_RF_ren15 (RAM)
  Destination:       DataMem/DM_255_7 (FF)
  Source Clock:      clk rising
  Destination Clock: clk rising

  Data Path: RegisterFile/Mram_RF_ren15 to DataMem/DM_255_7
                                Gate     Net
    Cell:in->out      fanout   Delay   Delay  Logical Name (Net Name)
    ----------------------------------------  ------------
     RAM16X1D:WCLK->DPO    2   1.654   0.449  RegisterFile/Mram_RF_ren15 (N33)
     LUT3:I1->O            1   0.612   0.426  inst_LPM_MUX711_1 (inst_LPM_MUX711)
     LUT3:I1->O            6   0.612   0.572  DataMem/DM_103_mux0000<7>111 (DataMem/N7100)
     LUT4_D:I3->O         63   0.612   1.084  DataMem/DM_103_mux0000<7>11 (DataMem/N01)
     LUT4:I3->O            1   0.612   0.357  DataMem/DM_39_mux0000<7>_SW0 (N2538)
     FDS:S                     0.795          DataMem/DM_39_7
    ----------------------------------------
    Total                      7.785ns (4.897ns logic, 2.888ns route)
                                       (62.9% logic, 37.1% route)

=========================================================================
Timing constraint: Default OFFSET IN BEFORE for Clock 'clk'
  Total number of paths / destination ports: 80376 / 5368
-------------------------------------------------------------------------
Offset:              8.931ns (Levels of Logic = 6)
  Source:            rt<2> (PAD)
  Destination:       DataMem/DM_255_7 (FF)
  Destination Clock: clk rising

  Data Path: rt<2> to DataMem/DM_255_7
                                Gate     Net
    Cell:in->out      fanout   Delay   Delay  Logical Name (Net Name)
    ----------------------------------------  ------------
     IBUF:I->O            65   1.106   1.082  rt_2_IBUF (rt_2_IBUF)
     RAM16X1D:DPRA2->DPO    2   0.612   0.449  RegisterFile/Mram_RF_ren3 (N9)
     LUT3:I1->O            1   0.612   0.426  inst_LPM_MUX1111_1 (inst_LPM_MUX1111)
     LUT3:I1->O            6   0.612   0.572  DataMem/DM_103_mux0000<1>111 (DataMem/N1126)
     LUT4_D:I3->O         63   0.612   1.084  DataMem/DM_103_mux0000<1>11 (DataMem/N6)
     LUT4:I3->O            1   0.612   0.357  DataMem/DM_39_mux0000<1>_SW0 (N2550)
     FDS:S                     0.795          DataMem/DM_39_1
    ----------------------------------------
    Total                      8.931ns (4.961ns logic, 3.970ns route)
                                       (55.6% logic, 44.4% route)

=========================================================================
Timing constraint: Default OFFSET IN BEFORE for Clock 'ALUWithControl/old_ALUOut_1_not00021'
  Total number of paths / destination ports: 23568 / 32
-------------------------------------------------------------------------
Offset:              11.579ns (Levels of Logic = 38)
  Source:            rt<1> (PAD)
  Destination:       ALUWithControl/_old_ALUOut_1_28 (LATCH)
  Destination Clock: ALUWithControl/old_ALUOut_1_not00021 falling

  Data Path: rt<1> to ALUWithControl/_old_ALUOut_1_28
                                Gate     Net
    Cell:in->out      fanout   Delay   Delay  Logical Name (Net Name)
    ----------------------------------------  ------------
     IBUF:I->O            65   1.106   1.082  rt_1_IBUF (rt_1_IBUF)
     RAM16X1D:DPRA1->DPO    2   0.612   0.449  RegisterFile/Mram_RF_ren3 (N9)
     LUT3:I1->O           80   0.612   1.116  inst_LPM_MUX1111 (RegToMux2<1>)
     LUT3:I2->O            4   0.612   0.529  TwoOneMux32/out<1>1 (B<1>)
     LUT4:I2->O            1   0.612   0.000  ALUWithControl/Mcompar_old_ALUOut_1_cmp_lt0000_lut<1> (ALUWithControl/Mcompar_old_ALUOut_1_cmp_lt0000_lut<1>)
     MUXCY:S->O            1   0.404   0.000  ALUWithControl/Mcompar_old_ALUOut_1_cmp_lt0000_cy<1> (ALUWithControl/Mcompar_old_ALUOut_1_cmp_lt0000_cy<1>)
     MUXCY:CI->O           1   0.051   0.000  ALUWithControl/Mcompar_old_ALUOut_1_cmp_lt0000_cy<2> (ALUWithControl/Mcompar_old_ALUOut_1_cmp_lt0000_cy<2>)
     MUXCY:CI->O           1   0.051   0.000  ALUWithControl/Mcompar_old_ALUOut_1_cmp_lt0000_cy<3> (ALUWithControl/Mcompar_old_ALUOut_1_cmp_lt0000_cy<3>)
     MUXCY:CI->O           1   0.051   0.000  ALUWithControl/Mcompar_old_ALUOut_1_cmp_lt0000_cy<4> (ALUWithControl/Mcompar_old_ALUOut_1_cmp_lt0000_cy<4>)
     MUXCY:CI->O           1   0.051   0.000  ALUWithControl/Mcompar_old_ALUOut_1_cmp_lt0000_cy<5> (ALUWithControl/Mcompar_old_ALUOut_1_cmp_lt0000_cy<5>)
     MUXCY:CI->O           1   0.051   0.000  ALUWithControl/Mcompar_old_ALUOut_1_cmp_lt0000_cy<6> (ALUWithControl/Mcompar_old_ALUOut_1_cmp_lt0000_cy<6>)
     MUXCY:CI->O           1   0.051   0.000  ALUWithControl/Mcompar_old_ALUOut_1_cmp_lt0000_cy<7> (ALUWithControl/Mcompar_old_ALUOut_1_cmp_lt0000_cy<7>)
     MUXCY:CI->O           1   0.051   0.000  ALUWithControl/Mcompar_old_ALUOut_1_cmp_lt0000_cy<8> (ALUWithControl/Mcompar_old_ALUOut_1_cmp_lt0000_cy<8>)
     MUXCY:CI->O           1   0.051   0.000  ALUWithControl/Mcompar_old_ALUOut_1_cmp_lt0000_cy<9> (ALUWithControl/Mcompar_old_ALUOut_1_cmp_lt0000_cy<9>)
     MUXCY:CI->O           1   0.051   0.000  ALUWithControl/Mcompar_old_ALUOut_1_cmp_lt0000_cy<10> (ALUWithControl/Mcompar_old_ALUOut_1_cmp_lt0000_cy<10>)
     MUXCY:CI->O           1   0.052   0.000  ALUWithControl/Mcompar_old_ALUOut_1_cmp_lt0000_cy<11> (ALUWithControl/Mcompar_old_ALUOut_1_cmp_lt0000_cy<11>)
     MUXCY:CI->O           1   0.052   0.000  ALUWithControl/Mcompar_old_ALUOut_1_cmp_lt0000_cy<12> (ALUWithControl/Mcompar_old_ALUOut_1_cmp_lt0000_cy<12>)
     MUXCY:CI->O           1   0.052   0.000  ALUWithControl/Mcompar_old_ALUOut_1_cmp_lt0000_cy<13> (ALUWithControl/Mcompar_old_ALUOut_1_cmp_lt0000_cy<13>)
     MUXCY:CI->O           1   0.052   0.000  ALUWithControl/Mcompar_old_ALUOut_1_cmp_lt0000_cy<14> (ALUWithControl/Mcompar_old_ALUOut_1_cmp_lt0000_cy<14>)
     MUXCY:CI->O           1   0.052   0.000  ALUWithControl/Mcompar_old_ALUOut_1_cmp_lt0000_cy<15> (ALUWithControl/Mcompar_old_ALUOut_1_cmp_lt0000_cy<15>)
     MUXCY:CI->O           1   0.052   0.000  ALUWithControl/Mcompar_old_ALUOut_1_cmp_lt0000_cy<16> (ALUWithControl/Mcompar_old_ALUOut_1_cmp_lt0000_cy<16>)
     MUXCY:CI->O           1   0.052   0.000  ALUWithControl/Mcompar_old_ALUOut_1_cmp_lt0000_cy<17> (ALUWithControl/Mcompar_old_ALUOut_1_cmp_lt0000_cy<17>)
     MUXCY:CI->O           1   0.052   0.000  ALUWithControl/Mcompar_old_ALUOut_1_cmp_lt0000_cy<18> (ALUWithControl/Mcompar_old_ALUOut_1_cmp_lt0000_cy<18>)
     MUXCY:CI->O           1   0.052   0.000  ALUWithControl/Mcompar_old_ALUOut_1_cmp_lt0000_cy<19> (ALUWithControl/Mcompar_old_ALUOut_1_cmp_lt0000_cy<19>)
     MUXCY:CI->O           1   0.052   0.000  ALUWithControl/Mcompar_old_ALUOut_1_cmp_lt0000_cy<20> (ALUWithControl/Mcompar_old_ALUOut_1_cmp_lt0000_cy<20>)
     MUXCY:CI->O           1   0.052   0.000  ALUWithControl/Mcompar_old_ALUOut_1_cmp_lt0000_cy<21> (ALUWithControl/Mcompar_old_ALUOut_1_cmp_lt0000_cy<21>)
     MUXCY:CI->O           1   0.052   0.000  ALUWithControl/Mcompar_old_ALUOut_1_cmp_lt0000_cy<22> (ALUWithControl/Mcompar_old_ALUOut_1_cmp_lt0000_cy<22>)
     MUXCY:CI->O           1   0.052   0.000  ALUWithControl/Mcompar_old_ALUOut_1_cmp_lt0000_cy<23> (ALUWithControl/Mcompar_old_ALUOut_1_cmp_lt0000_cy<23>)
     MUXCY:CI->O           1   0.052   0.000  ALUWithControl/Mcompar_old_ALUOut_1_cmp_lt0000_cy<24> (ALUWithControl/Mcompar_old_ALUOut_1_cmp_lt0000_cy<24>)
     MUXCY:CI->O           1   0.052   0.000  ALUWithControl/Mcompar_old_ALUOut_1_cmp_lt0000_cy<25> (ALUWithControl/Mcompar_old_ALUOut_1_cmp_lt0000_cy<25>)
     MUXCY:CI->O           1   0.052   0.000  ALUWithControl/Mcompar_old_ALUOut_1_cmp_lt0000_cy<26> (ALUWithControl/Mcompar_old_ALUOut_1_cmp_lt0000_cy<26>)
     MUXCY:CI->O           1   0.052   0.000  ALUWithControl/Mcompar_old_ALUOut_1_cmp_lt0000_cy<27> (ALUWithControl/Mcompar_old_ALUOut_1_cmp_lt0000_cy<27>)
     MUXCY:CI->O           1   0.052   0.000  ALUWithControl/Mcompar_old_ALUOut_1_cmp_lt0000_cy<28> (ALUWithControl/Mcompar_old_ALUOut_1_cmp_lt0000_cy<28>)
     MUXCY:CI->O           1   0.052   0.000  ALUWithControl/Mcompar_old_ALUOut_1_cmp_lt0000_cy<29> (ALUWithControl/Mcompar_old_ALUOut_1_cmp_lt0000_cy<29>)
     MUXCY:CI->O           1   0.052   0.000  ALUWithControl/Mcompar_old_ALUOut_1_cmp_lt0000_cy<30> (ALUWithControl/Mcompar_old_ALUOut_1_cmp_lt0000_cy<30>)
     MUXCY:CI->O           1   0.399   0.387  ALUWithControl/Mcompar_old_ALUOut_1_cmp_lt0000_cy<31> (ALUWithControl/Mcompar_old_ALUOut_1_cmp_lt0000_cy<31>)
     LUT4:I2->O            8   0.612   0.673  ALUWithControl/old_ALUOut_1_mux0001<0>21 (ALUWithControl/N32)
     LUT4:I2->O            1   0.612   0.000  ALUWithControl/old_ALUOut_1_mux0001<8> (ALUWithControl/old_ALUOut_1_mux0001<8>)
     LD:D                      0.268          ALUWithControl/_old_ALUOut_1_8
    ----------------------------------------
    Total                     11.579ns (7.343ns logic, 4.236ns route)
                                       (63.4% logic, 36.6% route)

=========================================================================
Timing constraint: Default OFFSET IN BEFORE for Clock 'ALUControl/ALUctl_not0001'
  Total number of paths / destination ports: 11 / 3
-------------------------------------------------------------------------
Offset:              2.637ns (Levels of Logic = 2)
  Source:            FuncCode<0> (PAD)
  Destination:       ALUControl/ALUctl_2 (LATCH)
  Destination Clock: ALUControl/ALUctl_not0001 falling

  Data Path: FuncCode<0> to ALUControl/ALUctl_2
                                Gate     Net
    Cell:in->out      fanout   Delay   Delay  Logical Name (Net Name)
    ----------------------------------------  ------------
     IBUF:I->O             4   1.106   0.651  FuncCode_0_IBUF (FuncCode_0_IBUF)
     LUT3:I0->O            1   0.612   0.000  ALUControl/ALUctl_not000111 (ALUControl/N0)
     LD:D                      0.268          ALUControl/ALUctl_2
    ----------------------------------------
    Total                      2.637ns (1.986ns logic, 0.651ns route)
                                       (75.3% logic, 24.7% route)

=========================================================================
Timing constraint: Default OFFSET OUT AFTER for Clock 'ALUWithControl/old_ALUOut_1_not00021'
  Total number of paths / destination ports: 32 / 1
-------------------------------------------------------------------------
Offset:              7.025ns (Levels of Logic = 10)
  Source:            ALUWithControl/_old_ALUOut_1_7 (LATCH)
  Destination:       Zero (PAD)
  Source Clock:      ALUWithControl/old_ALUOut_1_not00021 falling

  Data Path: ALUWithControl/_old_ALUOut_1_7 to Zero
                                Gate     Net
    Cell:in->out      fanout   Delay   Delay  Logical Name (Net Name)
    ----------------------------------------  ------------
     LD:G->Q             343   0.588   1.186  ALUWithControl/_old_ALUOut_1_7 (ALUWithControl/_old_ALUOut_1_7)
     LUT4:I2->O            1   0.612   0.000  ALUWithControl/Zero_cmp_eq0000_wg_lut<0> (ALUWithControl/Zero_cmp_eq0000_wg_lut<0>)
     MUXCY:S->O            1   0.404   0.000  ALUWithControl/Zero_cmp_eq0000_wg_cy<0> (ALUWithControl/Zero_cmp_eq0000_wg_cy<0>)
     MUXCY:CI->O           1   0.051   0.000  ALUWithControl/Zero_cmp_eq0000_wg_cy<1> (ALUWithControl/Zero_cmp_eq0000_wg_cy<1>)
     MUXCY:CI->O           1   0.051   0.000  ALUWithControl/Zero_cmp_eq0000_wg_cy<2> (ALUWithControl/Zero_cmp_eq0000_wg_cy<2>)
     MUXCY:CI->O           1   0.051   0.000  ALUWithControl/Zero_cmp_eq0000_wg_cy<3> (ALUWithControl/Zero_cmp_eq0000_wg_cy<3>)
     MUXCY:CI->O           1   0.051   0.000  ALUWithControl/Zero_cmp_eq0000_wg_cy<4> (ALUWithControl/Zero_cmp_eq0000_wg_cy<4>)
     MUXCY:CI->O           1   0.052   0.000  ALUWithControl/Zero_cmp_eq0000_wg_cy<5> (ALUWithControl/Zero_cmp_eq0000_wg_cy<5>)
     MUXCY:CI->O           1   0.052   0.000  ALUWithControl/Zero_cmp_eq0000_wg_cy<6> (ALUWithControl/Zero_cmp_eq0000_wg_cy<6>)
     MUXCY:CI->O           1   0.399   0.357  ALUWithControl/Zero_cmp_eq0000_wg_cy<7> (Zero_OBUF)
     OBUF:I->O                 3.169          Zero_OBUF (Zero)
    ----------------------------------------
    Total                      7.025ns (5.482ns logic, 1.543ns route)
                                       (78.0% logic, 22.0% route)

=========================================================================


Total REAL time to Xst completion: 118.00 secs
Total CPU time to Xst completion: 117.27 secs
 
--> 

Total memory usage is 312260 kilobytes

Number of errors   :    0 (   0 filtered)
Number of warnings :   10 (   0 filtered)
Number of infos    :   10 (   0 filtered)

