ISim log file
Running: C:\Users\Russell\git\Architecture\DataMem\FullDMRFALUTest_isim_beh.exe -intstyle ise -gui -tclbatch isim.cmd -wdb C:/Users/Russell/git/Architecture/DataMem/FullDMRFALUTest_isim_beh.wdb 
ISim P.20131013 (signature 0x7708f090)
WARNING: A WEBPACK license was found.
WARNING: Please use Xilinx License Configuration Manager to check out a full ISim license.
WARNING: ISim will run in Lite mode. Please refer to the ISim documentation for more information on the differences between the Lite and the Full version.
This is a Lite version of ISim.
WARNING: File "C:/Users/Russell/git/Architecture/DataMem/FullDMRFALU.v" Line 35.  For instance uut/DataMem/, width 32 of formal port Address is not equal to width 1 of actual signal ALUResultWire.
WARNING: File "C:/Users/Russell/git/Architecture/DataMem/FullDMRFALU.v" Line 35.  For instance uut/DataMem/, width 32 of formal port WriteData is not equal to width 1 of actual signal ReadData2Wire.
WARNING: File "C:/Users/Russell/git/Architecture/DataMem/FullDMRFALU.v" Line 23.  For instance uut/DataMem/, width 2 of formal port MemWrite is not equal to width 1 of actual signal MemWrite.
WARNING: File "C:/Users/Russell/git/Architecture/DataMem/FullDMRFALU.v" Line 23.  For instance uut/DataMem/, width 2 of formal port MemRead is not equal to width 1 of actual signal MemRead.
WARNING: File "C:/Users/Russell/git/Architecture/DataMem/FullDMRFALU.v" Line 23.  For instance uut/TwoOneMux32/, width 2 of formal port sel is not equal to width 1 of actual signal ALUsel.
WARNING: File "C:/Users/Russell/git/Architecture/DataMem/FullDMRFALU.v" Line 41.  For instance uut/TwoOneMux321/, width 2 of formal port sel is not equal to width 1 of actual signal MemToReg.
WARNING: File "C:/Users/Russell/git/Architecture/DataMem/FullDMRFALU.v" Line 43.  For instance uut/TwoOneMux5/, width 2 of formal port sel is not equal to width 1 of actual signal RegSel.
WARNING: File "C:/Users/Russell/git/Architecture/DataMem/FullDMRFALU.v" Line 23.  For instance uut/ALUControl/, width 2 of formal port ALUOp is not equal to width 1 of actual signal ALUOp.
WARNING: File "C:/Users/Russell/git/Architecture/DataMem/FullDMRFALU.v" Line 24.  For instance uut/ALUControl/, width 4 of formal port FuncCode is not equal to width 6 of actual signal FuncCode.
WARNING: File "C:/Users/Russell/git/Architecture/DataMem/FullDMRFALU.v" Line 28.  For instance uut/ALUWithControl/, width 2 of formal port Zero is not equal to width 1 of actual signal Zero.
WARNING: File "C:/Users/Russell/git/Architecture/DataMem/FullDMRFALU.v" Line 23.  For instance uut/RegisterFile/, width 2 of formal port RegWrite is not equal to width 1 of actual signal RegWrite.
Time resolution is 1 ps
# onerror resume
# wave add /
# run 1000 ns
Simulator is doing circuit initialization process.
Finished circuit initialization process.
# restart
# run 1.00us
Simulator is doing circuit initialization process.
Finished circuit initialization process.
