Release 14.7 Map P.20131013 (nt)
Xilinx Mapping Report File for Design 'ALUAndRF'

Design Information
------------------
Command Line   : map -intstyle ise -p xc3s500e-fg320-4 -cm area -ir off -pr off
-c 100 -o ALUAndRF_map.ncd ALUAndRF.ngd ALUAndRF.pcf 
Target Device  : xc3s500e
Target Package : fg320
Target Speed   : -4
Mapper Version : spartan3e -- $Revision: 1.55 $
Mapped Date    : Mon Feb 09 14:22:47 2015

Design Summary
--------------
Number of errors:      0
Number of warnings:    1
Logic Utilization:
  Number of Slice Latches:               35 out of   9,312    1%
  Number of 4 input LUTs:               496 out of   9,312    5%
Logic Distribution:
  Number of occupied Slices:            249 out of   4,656    5%
    Number of Slices containing only related logic:     249 out of     249 100%
    Number of Slices containing unrelated logic:          0 out of     249   0%
      *See NOTES below for an explanation of the effects of unrelated logic.
  Total Number of 4 input LUTs:         496 out of   9,312    5%
    Number used as logic:               240
    Number used for Dual Port RAMs:     256
      (Two LUTs used per Dual Port RAM)

  The Slice Logic Distribution report is not meaningful if the design is
  over-mapped for a non-slice resource or if Placement fails.

  Number of bonded IOBs:                 56 out of     232   24%
    IOB Latches:                          1
  Number of BUFGMUXs:                     2 out of      24    8%

Average Fanout of Non-Clock Nets:                5.02

Peak Memory Usage:  216 MB
Total REAL time to MAP completion:  2 secs 
Total CPU time to MAP completion:   1 secs 

NOTES:

   Related logic is defined as being logic that shares connectivity - e.g. two
   LUTs are "related" if they share common inputs.  When assembling slices,
   Map gives priority to combine logic that is related.  Doing so results in
   the best timing performance.

   Unrelated logic shares no connectivity.  Map will only begin packing
   unrelated logic into a slice once 99% of the slices are occupied through
   related logic packing.

   Note that once logic distribution reaches the 99% level through related
   logic packing, this does not mean the device is completely utilized.
   Unrelated logic packing will then begin, continuing until all usable LUTs
   and FFs are occupied.  Depending on your timing budget, increased levels of
   unrelated logic packing may adversely affect the overall timing performance
   of your design.

Table of Contents
-----------------
Section 1 - Errors
Section 2 - Warnings
Section 3 - Informational
Section 4 - Removed Logic Summary
Section 5 - Removed Logic
Section 6 - IOB Properties
Section 7 - RPMs
Section 8 - Guide Report
Section 9 - Area Group and Partition Summary
Section 10 - Timing Report
Section 11 - Configuration String Information
Section 12 - Control Set Information
Section 13 - Utilization by Hierarchy

Section 1 - Errors
------------------

Section 2 - Warnings
--------------------
WARNING:PhysDesignRules:372 - Gated clock. Clock net
   FullALU/ALUControl/ALUctl_not0001 is sourced by a combinatorial pin. This is
   not good design practice. Use the CE pin to control the loading of data into
   the flip-flop.

Section 3 - Informational
-------------------------
INFO:LIT:243 - Logical network ALUOp<1> has no load.
INFO:LIT:395 - The above info message is repeated 129 more times for the
   following (max. 5 shown):
   ALUOp<0>,
   RegisterFile/Mram_RF_ren1/SPO,
   RegisterFile/Mram_RF_ren4/SPO,
   RegisterFile/Mram_RF_ren2/SPO,
   RegisterFile/Mram_RF_ren3/SPO
   To see the details of these info messages, please use the -detail switch.
INFO:MapLib:562 - No environment variables are currently set.
INFO:LIT:244 - All of the single ended outputs in this design are using slew
   rate limited output drivers. The delay on speed critical single ended outputs
   can be dramatically reduced by designating them as fast outputs.

Section 4 - Removed Logic Summary
---------------------------------
   2 block(s) optimized away

Section 5 - Removed Logic
-------------------------

Optimized Block(s):
TYPE 		BLOCK
GND 		XST_GND
VCC 		XST_VCC

Section 6 - IOB Properties
--------------------------

+---------------------------------------------------------------------------------------------------------------------------------------------------------+
| IOB Name                           | Type             | Direction | IO Standard          | Diff  | Drive    | Slew | Reg (s)      | Resistor | IOB      |
|                                    |                  |           |                      | Term  | Strength | Rate |              |          | Delay    |
+---------------------------------------------------------------------------------------------------------------------------------------------------------+
| ALUOut                             | IOB              | OUTPUT    | LVCMOS25             |       | 12       | SLOW | OFF1         |          | 0 / 0    |
| FuncCode<0>                        | IBUF             | INPUT     | LVCMOS25             |       |          |      |              |          | 0 / 0    |
| FuncCode<1>                        | IBUF             | INPUT     | LVCMOS25             |       |          |      |              |          | 0 / 0    |
| FuncCode<2>                        | IBUF             | INPUT     | LVCMOS25             |       |          |      |              |          | 0 / 0    |
| FuncCode<3>                        | IBUF             | INPUT     | LVCMOS25             |       |          |      |              |          | 0 / 0    |
| Read1<0>                           | IBUF             | INPUT     | LVCMOS25             |       |          |      |              |          | 0 / 0    |
| Read1<1>                           | IBUF             | INPUT     | LVCMOS25             |       |          |      |              |          | 0 / 0    |
| Read1<2>                           | IBUF             | INPUT     | LVCMOS25             |       |          |      |              |          | 0 / 0    |
| Read1<3>                           | IBUF             | INPUT     | LVCMOS25             |       |          |      |              |          | 0 / 0    |
| Read1<4>                           | IBUF             | INPUT     | LVCMOS25             |       |          |      |              |          | 0 / 0    |
| Read2<0>                           | IBUF             | INPUT     | LVCMOS25             |       |          |      |              |          | 0 / 0    |
| Read2<1>                           | IBUF             | INPUT     | LVCMOS25             |       |          |      |              |          | 0 / 0    |
| Read2<2>                           | IBUF             | INPUT     | LVCMOS25             |       |          |      |              |          | 0 / 0    |
| Read2<3>                           | IBUF             | INPUT     | LVCMOS25             |       |          |      |              |          | 0 / 0    |
| Read2<4>                           | IBUF             | INPUT     | LVCMOS25             |       |          |      |              |          | 0 / 0    |
| RegWrite<0>                        | IBUF             | INPUT     | LVCMOS25             |       |          |      |              |          | 0 / 0    |
| RegWrite<1>                        | IBUF             | INPUT     | LVCMOS25             |       |          |      |              |          | 0 / 0    |
| WriteData<0>                       | IBUF             | INPUT     | LVCMOS25             |       |          |      |              |          | 0 / 0    |
| WriteData<1>                       | IBUF             | INPUT     | LVCMOS25             |       |          |      |              |          | 0 / 0    |
| WriteData<2>                       | IBUF             | INPUT     | LVCMOS25             |       |          |      |              |          | 0 / 0    |
| WriteData<3>                       | IBUF             | INPUT     | LVCMOS25             |       |          |      |              |          | 0 / 0    |
| WriteData<4>                       | IBUF             | INPUT     | LVCMOS25             |       |          |      |              |          | 0 / 0    |
| WriteData<5>                       | IBUF             | INPUT     | LVCMOS25             |       |          |      |              |          | 0 / 0    |
| WriteData<6>                       | IBUF             | INPUT     | LVCMOS25             |       |          |      |              |          | 0 / 0    |
| WriteData<7>                       | IBUF             | INPUT     | LVCMOS25             |       |          |      |              |          | 0 / 0    |
| WriteData<8>                       | IBUF             | INPUT     | LVCMOS25             |       |          |      |              |          | 0 / 0    |
| WriteData<9>                       | IBUF             | INPUT     | LVCMOS25             |       |          |      |              |          | 0 / 0    |
| WriteData<10>                      | IBUF             | INPUT     | LVCMOS25             |       |          |      |              |          | 0 / 0    |
| WriteData<11>                      | IBUF             | INPUT     | LVCMOS25             |       |          |      |              |          | 0 / 0    |
| WriteData<12>                      | IBUF             | INPUT     | LVCMOS25             |       |          |      |              |          | 0 / 0    |
| WriteData<13>                      | IBUF             | INPUT     | LVCMOS25             |       |          |      |              |          | 0 / 0    |
| WriteData<14>                      | IBUF             | INPUT     | LVCMOS25             |       |          |      |              |          | 0 / 0    |
| WriteData<15>                      | IBUF             | INPUT     | LVCMOS25             |       |          |      |              |          | 0 / 0    |
| WriteData<16>                      | IBUF             | INPUT     | LVCMOS25             |       |          |      |              |          | 0 / 0    |
| WriteData<17>                      | IBUF             | INPUT     | LVCMOS25             |       |          |      |              |          | 0 / 0    |
| WriteData<18>                      | IBUF             | INPUT     | LVCMOS25             |       |          |      |              |          | 0 / 0    |
| WriteData<19>                      | IBUF             | INPUT     | LVCMOS25             |       |          |      |              |          | 0 / 0    |
| WriteData<20>                      | IBUF             | INPUT     | LVCMOS25             |       |          |      |              |          | 0 / 0    |
| WriteData<21>                      | IBUF             | INPUT     | LVCMOS25             |       |          |      |              |          | 0 / 0    |
| WriteData<22>                      | IBUF             | INPUT     | LVCMOS25             |       |          |      |              |          | 0 / 0    |
| WriteData<23>                      | IBUF             | INPUT     | LVCMOS25             |       |          |      |              |          | 0 / 0    |
| WriteData<24>                      | IBUF             | INPUT     | LVCMOS25             |       |          |      |              |          | 0 / 0    |
| WriteData<25>                      | IBUF             | INPUT     | LVCMOS25             |       |          |      |              |          | 0 / 0    |
| WriteData<26>                      | IBUF             | INPUT     | LVCMOS25             |       |          |      |              |          | 0 / 0    |
| WriteData<27>                      | IBUF             | INPUT     | LVCMOS25             |       |          |      |              |          | 0 / 0    |
| WriteData<28>                      | IBUF             | INPUT     | LVCMOS25             |       |          |      |              |          | 0 / 0    |
| WriteData<29>                      | IBUF             | INPUT     | LVCMOS25             |       |          |      |              |          | 0 / 0    |
| WriteData<30>                      | IBUF             | INPUT     | LVCMOS25             |       |          |      |              |          | 0 / 0    |
| WriteData<31>                      | IBUF             | INPUT     | LVCMOS25             |       |          |      |              |          | 0 / 0    |
| WriteReg<0>                        | IBUF             | INPUT     | LVCMOS25             |       |          |      |              |          | 0 / 0    |
| WriteReg<1>                        | IBUF             | INPUT     | LVCMOS25             |       |          |      |              |          | 0 / 0    |
| WriteReg<2>                        | IBUF             | INPUT     | LVCMOS25             |       |          |      |              |          | 0 / 0    |
| WriteReg<3>                        | IBUF             | INPUT     | LVCMOS25             |       |          |      |              |          | 0 / 0    |
| WriteReg<4>                        | IBUF             | INPUT     | LVCMOS25             |       |          |      |              |          | 0 / 0    |
| Zero                               | IOB              | OUTPUT    | LVCMOS25             |       | 12       | SLOW |              |          | 0 / 0    |
| clk                                | IBUF             | INPUT     | LVCMOS25             |       |          |      |              |          | 0 / 0    |
+---------------------------------------------------------------------------------------------------------------------------------------------------------+

Section 7 - RPMs
----------------

Section 8 - Guide Report
------------------------
Guide not run on this design.

Section 9 - Area Group and Partition Summary
--------------------------------------------

Partition Implementation Status
-------------------------------

  No Partitions were found in this design.

-------------------------------

Area Group Information
----------------------

  No area groups were found in this design.

----------------------

Section 10 - Timing Report
--------------------------
This design was not run using timing mode.

Section 11 - Configuration String Details
-----------------------------------------
Use the "-detail" map option to print out Configuration Strings

Section 12 - Control Set Information
------------------------------------
No control set information for this architecture.

Section 13 - Utilization by Hierarchy
-------------------------------------
Use the "-detail" map option to print out the Utilization by Hierarchy section.
