Command line:
   ALUWithControl_isim_beh.exe
     -simmode  gui
     -simrunnum  0
     -socket  52559

Mon Jan 26 15:26:40 2015


 Elaboration Time: 0.03125 sec

 Current Memory Usage: 365.822 Meg

 Total Signals          : 16
 Total Nets             : 115
 Total Signal Drivers   : 7
 Total Blocks           : 2
 Total Primitive Blocks : 2
 Total Processes        : 9
 Total Traceable Variables  : 20
 Total Scalar Nets and Variables : 229
Total Line Count : 24

 Total Simulation Time: 0.046875 sec

 Current Memory Usage: 365.822 Meg

Mon Jan 26 15:26:52 2015

